Arguments: 
  /usr/local/bin/node /usr/local/bin/yarn

PATH: 
  /home/triton/miniconda3/bin:/home/triton/miniconda3/bin:/home/triton/miniconda3/bin:/home/triton/miniconda3/bin:/home/triton/miniconda3/bin:/home/triton/.local/bin:/usr/local/sbin:/usr/local/bin:/usr/sbin:/usr/bin:/sbin:/bin:/usr/games:/usr/local/games:/snap/bin

Yarn version: 
  1.22.11

Node version: 
  16.7.0

Platform: 
  linux x64

Trace: 
  SyntaxError: /home/triton/repositories/sooner-or-later/code/package.json: Unexpected string in JSON at position 42
      at JSON.parse (<anonymous>)
      at /usr/local/lib/node_modules/yarn/lib/cli.js:1625:59
      at Generator.next (<anonymous>)
      at step (/usr/local/lib/node_modules/yarn/lib/cli.js:310:30)
      at /usr/local/lib/node_modules/yarn/lib/cli.js:321:13

npm manifest: 
  {
    "name": "sol",
    "version": "0.1.0"
    "packages": [
      "api",
      "frontend",
      "websockets"
    ]
  }

yarn manifest: 
  No manifest

Lockfile: 
  No lockfile
